[    0.000000] Initializing cgroup subsys cpuset
[    0.000000] Initializing cgroup subsys cpu
[    0.000000] Initializing cgroup subsys cpuacct
[    0.000000] Linux version 4.4.0-210-generic (buildd@lgw01-amd64-009) (gcc version 5.4.0 20160609 (Ubuntu 5.4.0-6ubuntu1~16.04.12) ) #242-Ubuntu SMP Fri Apr 16 09:57:56 UTC 2021 (Ubuntu 4.4.0-210.242-generic 4.4.262)
[    0.000000] Command line: BOOT_IMAGE=/boot/vmlinuz-4.4.0-210-generic root=LABEL=cloudimg-rootfs ro console=tty1 console=ttyS0
[    0.000000] KERNEL supported cpus:
[    0.000000]   Intel GenuineIntel
[    0.000000]   AMD AuthenticAMD
[    0.000000]   Centaur CentaurHauls
[    0.000000] x86/fpu: Legacy x87 FPU detected.
[    0.000000] e820: BIOS-provided physical RAM map:
[    0.000000] BIOS-e820: [mem 0x0000000000000000-0x000000000009fbff] usable
[    0.000000] BIOS-e820: [mem 0x000000000009fc00-0x000000000009ffff] reserved
[    0.000000] BIOS-e820: [mem 0x00000000000f0000-0x00000000000fffff] reserved
[    0.000000] BIOS-e820: [mem 0x0000000000100000-0x000000003ffeffff] usable
[    0.000000] BIOS-e820: [mem 0x000000003fff0000-0x000000003fffffff] ACPI data
[    0.000000] BIOS-e820: [mem 0x00000000fec00000-0x00000000fec00fff] reserved
[    0.000000] BIOS-e820: [mem 0x00000000fee00000-0x00000000fee00fff] reserved
[    0.000000] BIOS-e820: [mem 0x00000000fffc0000-0x00000000ffffffff] reserved
[    0.000000] NX (Execute Disable) protection: active
[    0.000000] SMBIOS 2.5 present.
[    0.000000] Hypervisor detected: KVM
[    0.000000] e820: last_pfn = 0x3fff0 max_arch_pfn = 0x400000000
[    0.000000] MTRR: Disabled
[    0.000000] x86/PAT: MTRRs disabled, skipping PAT initialization too.
[    0.000000] CPU MTRRs all blank - virtualized system.
[    0.000000] x86/PAT: Configuration [0-7]: WB  WT  UC- UC  WB  WT  UC- UC  
[    0.000000] found SMP MP-table at [mem 0x0009fff0-0x0009ffff] mapped at [ffff88000009fff0]
[    0.000000] Scanning 1 areas for low memory corruption
[    0.000000] RAMDISK: [mem 0x362dc000-0x37165fff]
[    0.000000] ACPI: Early table checksum verification disabled
[    0.000000] ACPI: RSDP 0x00000000000E0000 000024 (v02 VBOX  )
[    0.000000] ACPI: XSDT 0x000000003FFF0030 00003C (v01 VBOX   VBOXXSDT 00000001 ASL  00000061)
[    0.000000] ACPI: FACP 0x000000003FFF00F0 0000F4 (v04 VBOX   VBOXFACP 00000001 ASL  00000061)
[    0.000000] ACPI: DSDT 0x000000003FFF0470 002325 (v02 VBOX   VBOXBIOS 00000002 INTL 20100528)
[    0.000000] ACPI: FACS 0x000000003FFF0200 000040
[    0.000000] ACPI: FACS 0x000000003FFF0200 000040
[    0.000000] ACPI: APIC 0x000000003FFF0240 00005C (v02 VBOX   VBOXAPIC 00000001 ASL  00000061)
[    0.000000] ACPI: SSDT 0x000000003FFF02A0 0001CC (v01 VBOX   VBOXCPUT 00000002 INTL 20100528)
[    0.000000] No NUMA configuration found
[    0.000000] Faking a node at [mem 0x0000000000000000-0x000000003ffeffff]
[    0.000000] NODE_DATA(0) allocated [mem 0x3ffeb000-0x3ffeffff]
[    0.000000] kvm-clock: Using msrs 4b564d01 and 4b564d00
[    0.000000] kvm-clock: cpu 0, msr 0:3ffe3001, primary cpu clock
[    0.000000] kvm-clock: using sched offset of 4208638941 cycles
[    0.000000] clocksource: kvm-clock: mask: 0xffffffffffffffff max_cycles: 0x1cd42e4dffb, max_idle_ns: 881590591483 ns
[    0.000000] Zone ranges:
[    0.000000]   DMA      [mem 0x0000000000001000-0x0000000000ffffff]
[    0.000000]   DMA32    [mem 0x0000000001000000-0x000000003ffeffff]
[    0.000000]   Normal   empty
[    0.000000]   Device   empty
[    0.000000] Movable zone start for each node
[    0.000000] Early memory node ranges
[    0.000000]   node   0: [mem 0x0000000000001000-0x000000000009efff]
[    0.000000]   node   0: [mem 0x0000000000100000-0x000000003ffeffff]
[    0.000000] Initmem setup node 0 [mem 0x0000000000001000-0x000000003ffeffff]
[    0.000000] ACPI: PM-Timer IO Port: 0x4008
[    0.000000] IOAPIC[0]: apic_id 2, version 32, address 0xfec00000, GSI 0-23
[    0.000000] ACPI: INT_SRC_OVR (bus 0 bus_irq 0 global_irq 2 dfl dfl)
[    0.000000] ACPI: INT_SRC_OVR (bus 0 bus_irq 9 global_irq 9 low level)
[    0.000000] Using ACPI (MADT) for SMP configuration information
[    0.000000] smpboot: Allowing 2 CPUs, 0 hotplug CPUs
[    0.000000] PM: Registered nosave memory: [mem 0x00000000-0x00000fff]
[    0.000000] PM: Registered nosave memory: [mem 0x0009f000-0x0009ffff]
[    0.000000] PM: Registered nosave memory: [mem 0x000a0000-0x000effff]
[    0.000000] PM: Registered nosave memory: [mem 0x000f0000-0x000fffff]
[    0.000000] e820: [mem 0x40000000-0xfebfffff] available for PCI devices
[    0.000000] Booting paravirtualized kernel on KVM
[    0.000000] clocksource: refined-jiffies: mask: 0xffffffff max_cycles: 0xffffffff, max_idle_ns: 7645519600211568 ns
[    0.000000] setup_percpu: NR_CPUS:512 nr_cpumask_bits:512 nr_cpu_ids:2 nr_node_ids:1
[    0.000000] PERCPU: Embedded 33 pages/cpu @ffff88003fc00000 s95192 r8192 d31784 u1048576
[    0.000000] Built 1 zonelists in Node order, mobility grouping on.  Total pages: 257912
[    0.000000] Policy zone: DMA32
[    0.000000] Kernel command line: BOOT_IMAGE=/boot/vmlinuz-4.4.0-210-generic root=LABEL=cloudimg-rootfs ro console=tty1 console=ttyS0
[    0.000000] PID hash table entries: 4096 (order: 3, 32768 bytes)
[    0.000000] Memory: 997792K/1048120K available (8644K kernel code, 1332K rwdata, 4044K rodata, 1492K init, 1164K bss, 50328K reserved, 0K cma-reserved)
[    0.000000] SLUB: HWalign=64, Order=0-3, MinObjects=0, CPUs=2, Nodes=1
[    0.000000] Kernel/User page tables isolation: enabled
[    0.000000] Hierarchical RCU implementation.
[    0.000000] 	Build-time adjustment of leaf fanout to 64.
[    0.000000] 	RCU restricting CPUs from NR_CPUS=512 to nr_cpu_ids=2.
[    0.000000] RCU: Adjusting geometry for rcu_fanout_leaf=64, nr_cpu_ids=2
[    0.000000] NR_IRQS:33024 nr_irqs:440 16
[    0.000000] Console: colour VGA+ 80x25
[    0.000000] console [tty1] enabled
[    0.000000] console [ttyS0] enabled
[    0.000000] tsc: Detected 2304.006 MHz processor
[    0.561200] Calibrating delay loop (skipped) preset value.. 4608.01 BogoMIPS (lpj=9216024)
[    0.570015] pid_max: default: 32768 minimum: 301
[    0.575784] ACPI: Core revision 20150930
[    0.580353] ACPI: 2 ACPI AML tables successfully acquired and loaded
[    0.586950] Security Framework initialized
[    0.590637] Yama: becoming mindful.
[    0.594152] AppArmor: AppArmor initialized
[    0.597885] Dentry cache hash table entries: 131072 (order: 8, 1048576 bytes)
[    0.608499] Inode-cache hash table entries: 65536 (order: 7, 524288 bytes)
[    0.619036] Mount-cache hash table entries: 2048 (order: 2, 16384 bytes)
[    0.626285] Mountpoint-cache hash table entries: 2048 (order: 2, 16384 bytes)
[    0.636102] Initializing cgroup subsys io
[    0.641819] Initializing cgroup subsys memory
[    0.645718] Initializing cgroup subsys devices
[    0.649625] Initializing cgroup subsys freezer
[    0.653965] Initializing cgroup subsys net_cls
[    0.657979] Initializing cgroup subsys perf_event
[    0.662091] Initializing cgroup subsys net_prio
[    0.666494] Initializing cgroup subsys hugetlb
[    0.670942] Initializing cgroup subsys pids
[    0.675605] mce: CPU supports 0 MCE banks
[    0.680823] Last level iTLB entries: 4KB 64, 2MB 8, 4MB 8
[    0.685816] Last level dTLB entries: 4KB 64, 2MB 0, 4MB 0, 1GB 4
[    0.691333] Spectre V1 : Mitigation: usercopy/swapgs barriers and __user pointer sanitization
[    0.700146] Spectre V2 : Mitigation: Full generic retpoline
[    0.706963] Spectre V2 : Spectre v2 / SpectreRSB mitigation: Filling RSB on context switch
[    0.715953] Speculative Store Bypass: Vulnerable
[    0.722478] MDS: Mitigation: Clear CPU buffers
[    0.763614] Freeing SMP alternatives memory: 36K
[    0.848429] ftrace: allocating 32380 entries in 127 pages
[    1.407480] smpboot: APIC(0) Converting physical 0 to logical package 0
[    1.415378] smpboot: Max logical packages: 1
[    1.433313] ..TIMER: vector=0x30 apic1=0 pin1=2 apic2=-1 pin2=-1
[    1.547892] smpboot: CPU0: Intel(R) Core(TM) i5-8300H CPU @ 2.30GHz (family: 0x6, model: 0x9e, stepping: 0xa)
[    1.559250] Performance Events: unsupported p6 CPU model 158 no PMU driver, software events only.
[    1.650126] KVM setup paravirtual spinlock
[    1.656592] x86: Booting SMP configuration:
[    1.661003] .... node  #0, CPUs:      #1
[    1.665601] kvm-clock: cpu 1, msr 0:3ffe3041, secondary cpu clock
[    1.670166] mce: CPU supports 0 MCE banks
[    1.674214] x86: Booted up 1 node, 2 CPUs
[    1.677836] smpboot: Total of 2 processors activated (9216.02 BogoMIPS)
[    1.686858] devtmpfs: initialized
[    1.692301] evm: security.selinux
[    1.695173] evm: security.SMACK64
[    1.698079] evm: security.SMACK64EXEC
[    1.701217] evm: security.SMACK64TRANSMUTE
[    1.704661] evm: security.SMACK64MMAP
[    1.708055] evm: security.ima
[    1.710600] evm: security.capability
[    1.714353] clocksource: jiffies: mask: 0xffffffff max_cycles: 0xffffffff, max_idle_ns: 7645041785100000 ns
[    1.722641] futex hash table entries: 512 (order: 3, 32768 bytes)
[    1.729295] pinctrl core: initialized pinctrl subsystem
[    1.734230] RTC time: 14:20:41, date: 10/27/21
[    1.739100] NET: Registered protocol family 16
[    1.752768] cpuidle: using governor ladder
[    1.768438] cpuidle: using governor menu
[    1.772125] PCCT header not found.
[    1.775348] ACPI: bus type PCI registered
[    1.778793] acpiphp: ACPI Hot Plug PCI Controller Driver version: 0.5
[    1.784489] PCI: Using configuration type 1 for base access
[    1.807842] ACPI: Added _OSI(Module Device)
[    1.811811] ACPI: Added _OSI(Processor Device)
[    1.816227] ACPI: Added _OSI(3.0 _SCP Extensions)
[    1.820584] ACPI: Added _OSI(Processor Aggregator Device)
[    1.826421] ACPI: Executed 1 blocks of module-level executable AML code
[    1.836150] ACPI: Interpreter enabled
[    1.839960] ACPI: (supports S0 S5)
[    1.842930] ACPI: Using IOAPIC for interrupt routing
[    1.847399] PCI: Using host bridge windows from ACPI; if necessary, use "pci=nocrs" and report a bug
[    1.862012] ACPI: PCI Root Bridge [PCI0] (domain 0000 [bus 00-ff])
[    1.867456] acpi PNP0A03:00: _OSC: OS supports [ASPM ClockPM Segments MSI]
[    1.873886] acpi PNP0A03:00: _OSC: not requesting OS control; OS requires [ExtendedConfig ASPM ClockPM MSI]
[    1.881868] acpi PNP0A03:00: fail to add MMCONFIG information, can't access extended PCI configuration space under this bridge.
[    1.892064] PCI host bridge to bus 0000:00
[    1.895944] pci_bus 0000:00: root bus resource [io  0x0000-0x0cf7 window]
[    1.901496] pci_bus 0000:00: root bus resource [io  0x0d00-0xffff window]
[    1.907265] pci_bus 0000:00: root bus resource [mem 0x000a0000-0x000bffff window]
[    1.913433] pci_bus 0000:00: root bus resource [mem 0x40000000-0xfdffffff window]
[    1.919660] pci_bus 0000:00: root bus resource [bus 00-ff]
[    1.930503] pci 0000:00:01.1: legacy IDE quirk: reg 0x10: [io  0x01f0-0x01f7]
[    1.936603] pci 0000:00:01.1: legacy IDE quirk: reg 0x14: [io  0x03f6]
[    1.942270] pci 0000:00:01.1: legacy IDE quirk: reg 0x18: [io  0x0170-0x0177]
[    1.947989] pci 0000:00:01.1: legacy IDE quirk: reg 0x1c: [io  0x0376]
[    2.101320] pci 0000:00:07.0: quirk: [io  0x4000-0x403f] claimed by PIIX4 ACPI
[    2.112669] pci 0000:00:07.0: quirk: [io  0x4100-0x410f] claimed by PIIX4 SMB
[    2.127984] ACPI: PCI Interrupt Link [LNKA] (IRQs 5 9 10 *11)
[    2.138457] ACPI: PCI Interrupt Link [LNKB] (IRQs 5 9 *10 11)
[    2.148654] ACPI: PCI Interrupt Link [LNKC] (IRQs 5 *9 10 11)
[    2.158718] ACPI: PCI Interrupt Link [LNKD] (IRQs 5 9 10 *11)
[    2.168298] ACPI: Enabled 2 GPEs in block 00 to 07
[    2.192334] vgaarb: setting as boot device: PCI:0000:00:02.0
[    2.197367] vgaarb: device added: PCI:0000:00:02.0,decodes=io+mem,owns=io+mem,locks=none
[    2.204560] vgaarb: loaded
[    2.207492] vgaarb: bridge control possible 0000:00:02.0
[    2.212724] SCSI subsystem initialized
[    2.216863] ACPI: bus type USB registered
[    2.220511] usbcore: registered new interface driver usbfs
[    2.225507] usbcore: registered new interface driver hub
[    2.230255] usbcore: registered new device driver usb
[    2.236153] PCI: Using ACPI for IRQ routing
[    2.241503] NetLabel: Initializing
[    2.244703] NetLabel:  domain hash size = 128
[    2.248757] NetLabel:  protocols = UNLABELED CIPSOv4
[    2.253266] NetLabel:  unlabeled traffic allowed by default
[    2.259081] amd_nb: Cannot enumerate AMD northbridges
[    2.264116] clocksource: Switched to clocksource kvm-clock
[    2.306819] AppArmor: AppArmor Filesystem Enabled
[    2.311442] pnp: PnP ACPI init
[    2.316274] pnp: PnP ACPI: found 3 devices
[    2.327758] clocksource: acpi_pm: mask: 0xffffff max_cycles: 0xffffff, max_idle_ns: 2085701024 ns
[    2.335696] NET: Registered protocol family 2
[    2.340898] TCP established hash table entries: 8192 (order: 4, 65536 bytes)
[    2.347429] TCP bind hash table entries: 8192 (order: 5, 131072 bytes)
[    2.353725] TCP: Hash tables configured (established 8192 bind 8192)
[    2.360443] UDP hash table entries: 512 (order: 2, 16384 bytes)
[    2.366028] UDP-Lite hash table entries: 512 (order: 2, 16384 bytes)
[    2.372146] NET: Registered protocol family 1
[    2.377048] pci 0000:00:00.0: Limiting direct PCI/PCI transfers
[    2.382382] pci 0000:00:01.0: Activating ISA DMA hang workarounds
[    2.388370] Unpacking initramfs...
[    2.782121] Freeing initrd memory: 14888K
[    2.786482] clocksource: tsc: mask: 0xffffffffffffffff max_cycles: 0x2135fd711f6, max_idle_ns: 440795262176 ns
[    2.795439] platform rtc_cmos: registered platform RTC device (no PNP device found)
[    2.802496] Scanning for low memory corruption every 60 seconds
[    2.808863] audit: initializing netlink subsys (disabled)
[    2.814086] audit: type=2000 audit(1635344447.560:1): initialized
[    2.821559] Initialise system trusted keyring
[    2.827221] HugeTLB registered 2 MB page size, pre-allocated 0 pages
[    2.836023] zbud: loaded
[    2.840107] VFS: Disk quotas dquot_6.6.0
[    2.844353] VFS: Dquot-cache hash table entries: 512 (order 0, 4096 bytes)
[    2.850605] squashfs: version 4.0 (2009/01/31) Phillip Lougher
[    2.857238] fuse init (API version 7.23)
[    2.861213] Key type big_key registered
[    2.865371] Allocating IMA MOK and blacklist keyrings.
[    2.880996] Key type asymmetric registered
[    2.885232] Asymmetric key parser 'x509' registered
[    2.889691] Block layer SCSI generic (bsg) driver version 0.4 loaded (major 249)
[    2.896721] io scheduler noop registered
[    2.901124] io scheduler deadline registered (default)
[    2.905871] io scheduler cfq registered
[    2.909601] pci_hotplug: PCI Hot Plug PCI Core version: 0.5
[    2.914628] pciehp: PCI Express Hot Plug Controller Driver version: 0.4
[    2.920553] ACPI: AC Adapter [AC] (on-line)
[    2.924747] input: Power Button as /devices/LNXSYSTM:00/LNXPWRBN:00/input/input0
[    2.931007] ACPI: Power Button [PWRF]
[    2.934987] input: Sleep Button as /devices/LNXSYSTM:00/LNXSLPBN:00/input/input1
[    2.941769] ACPI: Sleep Button [SLPF]
[    2.945984] GHES: HEST is not enabled!
[    2.947299] ACPI: Battery Slot [BAT0] (battery present)
[    2.954754] Serial: 8250/16550 driver, 32 ports, IRQ sharing enabled
[    2.988589] 00:02: ttyS0 at I/O 0x3f8 (irq = 4, base_baud = 115200) is a 16550A
[    3.000458] Linux agpgart interface v0.103
[    3.012127] loop: module loaded
[    3.017822] scsi host0: ata_piix
[    3.021988] scsi host1: ata_piix
[    3.025481] ata1: PATA max UDMA/33 cmd 0x1f0 ctl 0x3f6 bmdma 0xd000 irq 14
[    3.031699] ata2: PATA max UDMA/33 cmd 0x170 ctl 0x376 bmdma 0xd008 irq 15
[    3.038027] libphy: Fixed MDIO Bus: probed
[    3.043602] tun: Universal TUN/TAP device driver, 1.6
[    3.048597] tun: (C) 1999-2004 Max Krasnyansky <maxk@qualcomm.com>
[    3.053914] PPP generic driver version 2.4.2
[    3.058402] ehci_hcd: USB 2.0 'Enhanced' Host Controller (EHCI) Driver
[    3.064275] ehci-pci: EHCI PCI platform driver
[    3.068726] ehci-platform: EHCI generic platform driver
[    3.073302] ohci_hcd: USB 1.1 'Open' Host Controller (OHCI) Driver
[    3.078557] ohci-pci: OHCI PCI platform driver
[    3.082990] ohci-platform: OHCI generic platform driver
[    3.087976] uhci_hcd: USB Universal Host Controller Interface driver
[    3.093753] i8042: PNP: PS/2 Controller [PNP0303:PS2K,PNP0f03:PS2M] at 0x60,0x64 irq 1,12
[    3.103932] serio: i8042 KBD port at 0x60,0x64 irq 1
[    3.108997] serio: i8042 AUX port at 0x60,0x64 irq 12
[    3.114053] mousedev: PS/2 mouse device common for all mice
[    3.120663] input: AT Translated Set 2 keyboard as /devices/platform/i8042/serio0/input/input2
[    3.129802] rtc_cmos rtc_cmos: rtc core: registered rtc_cmos as rtc0
[    3.135888] rtc_cmos rtc_cmos: alarms up to one day, 114 bytes nvram
[    3.141276] i2c /dev entries driver
[    3.144239] device-mapper: uevent: version 1.0.3
[    3.148814] device-mapper: ioctl: 4.34.0-ioctl (2015-10-28) initialised: dm-devel@redhat.com
[    3.156280] ledtrig-cpu: registered to indicate activity on CPUs
[    3.164295] NET: Registered protocol family 10
[    3.169092] NET: Registered protocol family 17
[    3.173192] Key type dns_resolver registered
[    3.179870] registered taskstats version 1
[    3.184174] Loading compiled-in X.509 certificates
[    3.189003] Loaded X.509 cert 'Build time autogenerated kernel key: cf00e047681d67edb2720680708b7d9498083038'
[    3.204265] zswap: loaded using pool lzo/zbud
[    3.252261] Key type trusted registered
[    3.262777] Key type encrypted registered
[    3.266675] AppArmor: AppArmor sha1 policy hashing enabled
[    3.271262] ima: No TPM chip found, activating TPM-bypass!
[    3.276625] ima: Allocated hash algorithm: sha1
[    3.280806] evm: HMAC attrs: 0x1
[    3.284767]   Magic number: 9:809:334
[    3.287836] tty tty55: hash matches
[    3.292313] rtc_cmos rtc_cmos: setting system clock to 2021-10-27 14:20:43 UTC (1635344443)
[    3.300903] BIOS EDD facility v0.16 2004-Jun-25, 0 devices found
[    3.306641] EDD information not available.
[    3.312900] Freeing unused kernel memory: 1492K
[    3.332231] Write protecting the kernel read-only data: 14336k
[    3.339436] Freeing unused kernel memory: 1584K
[    3.343772] Freeing unused kernel memory: 52K
Loading, please wait...
starting version 229
[    3.373230] random: systemd-udevd: uninitialized urandom read (16 bytes read, 5 bits of entropy available)
[    3.373951] random: udevadm: uninitialized urandom read (16 bytes read, 5 bits of entropy available)
[    3.373968] random: udevadm: uninitialized urandom read (16 bytes read, 5 bits of entropy available)
[    3.385076] random: udevadm: uninitialized urandom read (16 bytes read, 5 bits of entropy available)
[    3.385110] random: udevadm: uninitialized urandom read (16 bytes read, 5 bits of entropy available)
[    3.385213] random: udevadm: uninitialized urandom read (16 bytes read, 5 bits of entropy available)
[    3.385319] random: udevadm: uninitialized urandom read (16 bytes read, 5 bits of entropy available)
[    3.385361] random: udevadm: uninitialized urandom read (16 bytes read, 5 bits of entropy available)
[    3.385399] random: udevadm: uninitialized urandom read (16 bytes read, 5 bits of entropy available)
[    3.385479] random: udevadm: uninitialized urandom read (16 bytes read, 5 bits of entropy available)
[    3.509390] Fusion MPT base driver 3.04.20
[    3.513832] Copyright (c) 1999-2008 LSI Corporation
[    3.519144] e1000: Intel(R) PRO/1000 Network Driver - version 7.3.21-k8-NAPI
[    3.526113] e1000: Copyright (c) 1999-2006 Intel Corporation.
[    3.548818] Fusion MPT SPI Host driver 3.04.20
[    4.101876] input: ImExPS/2 Generic Explorer Mouse as /devices/platform/i8042/serio1/input/input4
[    4.135322] e1000 0000:00:03.0 eth0: (PCI:33MHz:32-bit) 02:be:82:6b:cc:1d
[    4.141781] e1000 0000:00:03.0 eth0: Intel(R) PRO/1000 Network Connection
[    4.150221] e1000 0000:00:03.0 enp0s3: renamed from eth0
[    4.155714] mptbase: ioc0: Initiating bringup
[    4.230998] ioc0: LSI53C1030 A0: Capabilities={Initiator}
[    4.618762] scsi host2: ioc0: LSI53C1030 A0, FwRev=00000000h, Ports=1, MaxQ=256, IRQ=20
[    4.769091] scsi 2:0:0:0: Direct-Access     VBOX     HARDDISK         1.0  PQ: 0 ANSI: 5
[    4.777209] scsi target2:0:0: Beginning Domain Validation
[    4.789590] scsi target2:0:0: Domain Validation skipping write tests
[    4.795381] scsi target2:0:0: Ending Domain Validation
[    4.801312] scsi target2:0:0: asynchronous
[    4.807678] scsi 2:0:1:0: Direct-Access     VBOX     HARDDISK         1.0  PQ: 0 ANSI: 5
[    4.815038] scsi target2:0:1: Beginning Domain Validation
[    4.827691] scsi target2:0:1: Domain Validation skipping write tests
[    4.833341] scsi target2:0:1: Ending Domain Validation
[    4.837874] scsi target2:0:1: asynchronous
[    4.865514] sd 2:0:0:0: Attached scsi generic sg0 type 0
[    4.870977] sd 2:0:1:0: Attached scsi generic sg1 type 0
[    4.871182] sd 2:0:0:0: [sda] 83886080 512-byte logical blocks: (42.9 GB/40.0 GiB)
[    4.882652] sd 2:0:1:0: [sdb] 20480 512-byte logical blocks: (10.5 MB/10.0 MiB)
[    4.889706] sd 2:0:0:0: [sda] Write Protect is off
[    4.895048] sd 2:0:0:0: [sda] Incomplete mode parameter data
[    4.900240] sd 2:0:0:0: [sda] Assuming drive cache: write through
[    4.900320] sd 2:0:1:0: [sdb] Write Protect is off
[    4.900814] sd 2:0:1:0: [sdb] Incomplete mode parameter data
[    4.900815] sd 2:0:1:0: [sdb] Assuming drive cache: write through
[    4.915442] sd 2:0:1:0: [sdb] Attached SCSI disk
[    4.949474]  sda: sda1
[    4.955884] sd 2:0:0:0: [sda] Attached SCSI disk
Begin: Loading essential drivers ... [    6.537776] md: linear personality registered for level -1
[    6.547829] md: multipath personality registered for level -4
[    6.556863] md: raid0 personality registered for level 0
[    6.574420] md: raid1 personality registered for level 1
[    6.814223] raid6: sse2x1   gen() 47206 MB/s
[    8.815386] raid6: sse2x1   xor() 159279 MB/s
[    9.815124] raid6: sse2x2   gen() 244419 MB/s
[   10.813724] raid6: sse2x2   xor() 180768 MB/s
[   11.880092] raid6: sse2x4   gen() 18190 MB/s
[   11.955298] raid6: sse2x4   xor() 11983 MB/s
[   11.959433] raid6: using algorithm sse2x2 gen() 244419 MB/s
[   11.964048] raid6: .... xor() 180768 MB/s, rmw enabled
[   11.968769] raid6: using ssse3x2 recovery algorithm
[   11.975675] xor: measuring software checksum speed
[   12.020676]    prefetch64-sse: 18475.000 MB/sec
[   12.064485]    generic_sse: 21247.000 MB/sec
[   12.068819] xor: using function: generic_sse (21247.000 MB/sec)
[   12.075707] async_tx: api initialized (async)
[   12.115999] md: raid6 personality registered for level 6
[   12.121059] md: raid5 personality registered for level 5
[   12.125498] md: raid4 personality registered for level 4
[   12.148530] md: raid10 personality registered for level 10
done.
Begin: Running /scripts/init-premount ... done.
Begin: Mounting root file system ... Begin: Running /scripts/local-top ... done.
Begin: Running /scripts/local-premount ... [   12.227010] Btrfs loaded
Scanning for Btrfs filesystems
done.
Warning: fsck not present, so skipping root file system
[   12.282807] EXT4-fs (sda1): INFO: recovery required on readonly filesystem
[   12.288427] EXT4-fs (sda1): write access will be enabled during recovery
[   12.473063] EXT4-fs (sda1): recovery complete
[   12.478073] EXT4-fs (sda1): mounted filesystem with ordered data mode. Opts: (null)
done.
Begin: Running /scripts/local-bottom ... done.
Begin: Running /scripts/init-bottom ... done.
[   12.633666] systemd[1]: systemd 229 running in system mode. (+PAM +AUDIT +SELINUX +IMA +APPARMOR +SMACK +SYSVINIT +UTMP +LIBCRYPTSETUP +GCRYPT +GNUTLS +ACL +XZ -LZ4 +SECCOMP +BLKID +ELFUTILS +KMOD -IDN)
[   12.648340] systemd[1]: Detected virtualization oracle.
[   12.652850] systemd[1]: Detected architecture x86-64.

Welcome to [1mUbuntu 16.04.7 LTS[0m!

[   12.665029] systemd[1]: Set hostname to <ubuntu-xenial>.
[   13.613310] random: nonblocking pool is initialized
[   13.884190] systemd[1]: Reached target Swap.
[[0;32m  OK  [0m] Reached target Swap.
[   13.892939] systemd[1]: Reached target System Time Synchronized.
[[0;32m  OK  [0m] Reached target System Time Synchronized.
[   13.903587] systemd[1]: Reached target Encrypted Volumes.
[[0;32m  OK  [0m] Reached target Encrypted Volumes.
[   13.914072] systemd[1]: Created slice User and Session Slice.
[[0;32m  OK  [0m] Created slice User and Session Slice.
[   13.923798] systemd[1]: Set up automount Arbitrary Executable File Formats File System Automount Point.
[[0;32m  OK  [0m] Set up automount Arbitrary Executab...ats File System Automount Point.
[   13.937690] systemd[1]: Listening on LVM2 metadata daemon socket.
[[0;32m  OK  [0m] Listening on LVM2 metadata daemon socket.
[   13.947962] systemd[1]: Listening on udev Control Socket.
[[0;32m  OK  [0m] Listening on udev Control Socket.
[   13.958081] systemd[1]: Listening on udev Kernel Socket.
[[0;32m  OK  [0m] Listening on udev Kernel Socket.
[   13.967545] systemd[1]: Started Forward Password Requests to Wall Directory Watch.
[[0;32m  OK  [0m] Started Forward Password Requests to Wall Directory Watch.
[   13.980046] systemd[1]: Listening on Journal Audit Socket.
[[0;32m  OK  [0m] Listening on Journal Audit Socket.
[   13.989620] systemd[1]: Started Trigger resolvconf update for networkd DNS.
[[0;32m  OK  [0m] Started Trigger resolvconf update for networkd DNS.
[   14.002131] systemd[1]: Listening on fsck to fsckd communication Socket.
[[0;32m  OK  [0m] Listening on fsck to fsckd communication Socket.
[   14.013928] systemd[1]: Listening on Journal Socket.
[[0;32m  OK  [0m] Listening on Journal Socket.
[   14.023746] systemd[1]: Reached target User and Group Name Lookups.
[[0;32m  OK  [0m] Reached target User and Group Name Lookups.
[   14.035098] systemd[1]: Listening on /dev/initctl Compatibility Named Pipe.
[[0;32m  OK  [0m] Listening on /dev/initctl Compatibility Named Pipe.
[   14.046571] systemd[1]: Listening on Device-mapper event daemon FIFOs.
[[0;32m  OK  [0m] Listening on Device-mapper event daemon FIFOs.
[   14.057826] systemd[1]: Listening on Syslog Socket.
[[0;32m  OK  [0m] Listening on Syslog Socket.
[   14.067146] systemd[1]: Listening on LVM2 poll daemon socket.
[[0;32m  OK  [0m] Listening on LVM2 poll daemon socket.
[   14.077594] systemd[1]: Created slice System Slice.
[[0;32m  OK  [0m] Created slice System Slice.
[   14.088703] systemd[1]: Created slice system-serial\x2dgetty.slice.
[[0;32m  OK  [0m] Created slice system-serial\x2dgetty.slice.
[   14.112892] systemd[1]: Mounting Huge Pages File System...
         Mounting Huge Pages File System...
[   14.124494] systemd[1]: Starting Nameserver information manager...
         Starting Nameserver information manager...
[   14.136871] systemd[1]: Starting Set console keymap...
         Starting Set console keymap...
[   14.147111] systemd[1]: Starting File System Check on Root Device...
         Starting File System Check on Root Device...
[   14.161850] systemd[1]: Starting Create list of required static device nodes for the current kernel...
         Starting Create list of required st... nodes for the current kernel...
[   14.181390] systemd[1]: Starting Monitoring of LVM2 mirrors, snapshots etc. using dmeventd or progress polling...
         Starting Monitoring of LVM2 mirrors... dmeventd or progress polling...
[   14.198289] systemd[1]: Mounting POSIX Message Queue File System...
         Mounting POSIX Message Queue File System...
[   14.218384] systemd[1]: Starting Uncomplicated firewall...
         Starting Uncomplicated firewall...
[   14.230261] systemd[1]: Mounting Debug File System...
         Mounting Debug File System...
[   14.245813] systemd[1]: Starting Load Kernel Modules...
         Starting Load Kernel Modules...
[   14.256672] systemd[1]: Reached target Slices.
[[0;32m  OK  [0m] Reached target Slices.
[   14.265793] systemd[1]: Listening on Journal Socket (/dev/log).
[[0;32m  OK  [0m] Listening on Journal Socket (/dev/log).
[   14.283606] Loading iSCSI transport class v2.0-870.
[   14.292604] systemd[1]: Starting Journal Service...
         Starting Journal Service...
[   14.305242] systemd[1]: Mounted Huge Pages File System.
[[0;32m  OK  [0m] Mounted Huge Pages File System.
[   14.314486] systemd[1]: Mounted POSIX Message Queue File System.
[[0;32m  OK  [0m] Mounted POSIX Message Queue File System.
[   14.322668] systemd[1]: Mounted Debug File System.
[   14.329513] iscsi: registered transport (tcp)
[[0;32m  OK  [0m] Mounted Debug File System.
[   14.349009] systemd[1]: Started Set console keymap.
[[0;32m  OK  [0m] Started Set console keymap.
[   14.357064] systemd[1]: Started File System Check on Root Device.
[[0;32m  OK  [0m] Started File System Check on Root Device.
[   14.366996] systemd[1]: Started Create list of required static device nodes for the current kernel.
[[0;32m  OK  [0m] Started Create list of required sta...ce nodes for the current kernel.
[   14.380572] systemd[1]: Started Uncomplicated firewall.
[[0;32m  OK  [0m] Started Uncomplicated firewall.
[   14.400435] systemd[1]: Started Nameserver information manager.
[[0;32m  OK  [0m] Started Nameserver information manager.
[   14.413911] systemd[1]: Started File System Check Daemon to report status.
[[0;32m  OK  [0m] Started File System Check Daemon to report status.
[   14.427850] systemd[1]: Started LVM2 metadata daemon.
[[0;32m  OK  [0m] Started LVM2 metadata daemon.
[   14.439434] systemd[1]: Starting Create Static Device Nodes in /dev...
         Starting Create Static Device Nodes in /dev...
[   14.482687] systemd[1]: Starting Remount Root and Kernel File Systems...
         Starting Remount Root and Kernel File Systems...
[   14.494874] systemd[1]: Started Journal Service.
[[0;32m  OK  [0m] Started Journal Service.
[   14.517802] EXT4-fs (sda1): re-mounted. Opts: (null)
[[0;32m  OK  [0m] Started Remount Root and Kernel File Systems.
[   14.547691] iscsi: registered transport (iser)
         Starting udev Coldplug all Devices...
         Starting Flush Journal to Persistent Storage...
         Starting Load/Save Random Seed...
[[0;32m  OK  [0m] Started Load Kernel Modules.
         Mounting FUSE Control File System...
         Starting Apply Kernel Variables...
[[0;32m  OK  [0m] Mounted FUSE Control File System.
[[0;32m  OK  [0m] Started Load/Save Random Seed.
[   14.634173] systemd-journald[387]: Received request to flush runtime journal from PID 1
[[0;32m  OK  [0m] Started Flush Journal to Persistent Storage.
[[0;32m  OK  [0m] Started udev Coldplug all Devices.
[[0;32m  OK  [0m] Started Apply Kernel Variables.
[[0;32m  OK  [0m] Started Create Static Device Nodes in /dev.
         Starting udev Kernel Device Manager...
[[0;32m  OK  [0m] Started Monitoring of LVM2 mirrors,...ng dmeventd or progress polling.
[[0;32m  OK  [0m] Reached target Local File Systems (Pre).
[[0;32m  OK  [0m] Reached target Local File Systems.
         Starting Create Volatile Files and Directories...
         Starting LSB: AppArmor initialization...
         Starting Set console font and keymap...
         Starting Initial cloud-init job (pre-networking)...
         Starting Tell Plymouth To Write Out Runtime Data...
[[0;32m  OK  [0m] Started Create Volatile Files and Directories.
[[0;32m  OK  [0m] Started Tell Plymouth To Write Out Runtime Data.
         Starting Update UTMP about System Boot/Shutdown...
[[0;32m  OK  [0m] Started Update UTMP about System Boot/Shutdown.
[[0;32m  OK  [0m] Started udev Kernel Device Manager.
[[0;32m  OK  [0m] Started Dispatch Password Requests to Console Directory Watch.
[[0;32m  OK  [0m] Found device /dev/ttyS0.
[[0;32m  OK  [0m] Started LSB: AppArmor initialization.
[[0;32m  OK  [0m] Listening on Load/Save RF Kill Switch Status /dev/rfkill Watch.
         Starting Load AppArmor profiles managed internally by snapd...
[[0;32m  OK  [0m] Started Load AppArmor profiles managed internally by snapd.
[[0;32m  OK  [0m] Found device 82540EM Gigabit Ethern...r (PRO/1000 MT Desktop Adapter).
[   15.278884] cloud-init[473]: Cloud-init v. 21.1-19-gbad84ad4-0ubuntu1~16.04.2 running 'init-local' at Wed, 27 Oct 2021 14:20:56 +0000. Up 14.99 seconds.[[0;32m  OK  [0m] Started Initial cloud-init job (pre-networking).
[[0;32m  OK  [0m] Reached target Network (Pre).

         Starting Raise network interfaces...
[[0;32m  OK  [0m] Started ifup for enp0s3.
[[0;32m  OK  [0m] Started Set console font and keymap.
[[0;32m  OK  [0m] Created slice system-getty.slice.
[[0;32m  OK  [0m] Started Raise network interfaces.
[[0;32m  OK  [0m] Reached target Network.
         Starting Initial cloud-init job (metadata service crawler)...
[   16.581342] cloud-init[958]: Cloud-init v. 21.1-19-gbad84ad4-0ubuntu1~16.04.2 running 'init' at Wed, 27 Oct 2021 14:20:57 +0000. Up 16.35 seconds.
[   16.591330] cloud-init[958]: ci-info: ++++++++++++++++++++++++++++++++++++++Net device info++++++++++++++++++++++++++++++++++++++
[   16.600162] cloud-init[958]: ci-info: +--------+------+----------------------------+---------------+--------+-------------------+
[   16.609254] cloud-init[958]: ci-info: | Device |  Up  |          Address           |      Mask     | Scope  |     Hw-Address    |[[0;32m  OK  [0m] Started Initial cloud-init job (metadata service crawler).

[   16.621448] cloud-init[958]: ci-info: +--------+------+----------------------------+---------------+--------+-------------------+
[   16.625882] cloud-init[958]: ci-info: | enp0s3 | True |         10.0.2.15          | 255.255.255.0 | global | 02:be:82:6b:cc:1d |
[   16.627116] cloud-init[958]: ci-info: | enp0s3 | True | fe80::be:82ff:fe6b:cc1d/64 |       .       |  link  | 02:be:82:6b:cc:1d |
[   16.627154] cloud-init[958]: ci-info: |   lo   | True |         127.0.0.1          |   255.0.0.0   |  host  |         .         |
[   16.627622] cloud-init[958]: ci-info: |   lo   | True |          ::1/128           |       .       |  host  |         .         |
[   16.628185] cloud-init[958]: ci-info: +--------+------+----------------------------+---------------+--------+-------------------+
[   16.628527] cloud-init[958]: ci-info: +++++++++++++++++++++++++++Route IPv4 info++++++++++++++++++++++++++++
[   16.628962] cloud-init[958]: ci-info: +-------+-------------+----------+---------------+-----------+-------+
[   16.629397] cloud-init[958]: ci-info: | Route | Destination | Gateway  |    Genmask    | Interface | Flags |
[   16.629818] cloud-init[958]: ci-info: +-------+-------------+----------+---------------+-----------+-------+
[   16.630292] cloud-init[958]: ci-info: |   0   |   0.0.0.0   | 10.0.2.2 |    0.0.0.0    |   enp0s3  |   UG  |
[   16.630694] cloud-init[958]: ci-info: |   1   |   10.0.2.0  | 0.0.0.0  | 255.255.255.0 |   enp0s3  |   U   |
[   16.631148] cloud-init[958]: ci-info: +-------+-------------+----------+---------------+-----------+-------+
[   16.631576] cloud-init[958]: ci-info: +++++++++++++++++++Route IPv6 info+++++++++++++++++++
[   16.632018] cloud-init[958]: ci-info: +-------+-------------+---------+-----------+-------+
[   16.632940] cloud-init[958]: ci-info: | Route | Destination | Gateway | Interface | Flags |
[   16.633372] cloud-init[958]: ci-info: +-------+-------------+---------+-----------+-------+
[   16.633788] cloud-init[958]: ci-info: |   0   |  fe80::/64  |    ::   |   enp0s3  |   U   |
[   16.634220] cloud-init[958]: ci-info: |   3   |   ff00::/8  |    ::   |   enp0s3  |   U   |
[   16.634677] cloud-init[958]: ci-info: +-------+-------------+---------+-----------+-------+
[[0;32m  OK  [0m] Reached target System Initialization.
[[0;32m  OK  [0m] Listening on UUID daemon activation socket.
         Starting Socket activation for snappy daemon.
[[0;32m  OK  [0m] Started Ubuntu Advantage update messaging.
[[0;32m  OK  [0m] Started Daily apt download activities.
         Starting LXD - unix socket.
[[0;32m  OK  [0m] Started Daily apt upgrade and clean activities.
[[0;32m  OK  [0m] Started Message of the Day.
[[0;32m  OK  [0m] Started Daily Cleanup of Temporary Directories.
[[0;32m  OK  [0m] Reached target Timers.
[[0;32m  OK  [0m] Listening on ACPID Listen Socket.
[[0;32m  OK  [0m] Started ACPI Events Check.
[[0;32m  OK  [0m] Reached target Paths.
[[0;32m  OK  [0m] Listening on D-Bus System Message Bus Socket.
[[0;32m  OK  [0m] Reached target Cloud-config availability.
[[0;32m  OK  [0m] Reached target Network is Online.
         Starting iSCSI initiator daemon (iscsid)...
[[0;32m  OK  [0m] Listening on Socket activation for snappy daemon.
[[0;32m  OK  [0m] Listening on LXD - unix socket.
[[0;32m  OK  [0m] Reached target Sockets.
[[0;32m  OK  [0m] Reached target Basic System.
[[0;32m  OK  [0m] Started FUSE filesystem for LXC.
         Starting LSB: MD monitoring daemon...
         Starting /etc/rc.local Compatibility...
         Starting Login Service...
         Starting LSB: Record successful boot for GRUB...
         Starting System Logging Service...
[[0;32m  OK  [0m] Started Regular background program processing daemon.
         Starting Virtualbox guest utils...
         Starting LXD - container startup/shutdown...
[[0;32m  OK  [0m] Started Deferred execution scheduler.
         Starting OpenBSD Secure Shell server...
[[0;32m  OK  [0m] Started ACPI event daemon.
[[0;32m  OK  [0m] Started D-Bus System Message Bus.
         Starting Accounts Service...
         Starting Snap Daemon...
[[0;32m  OK  [0m] Started System Logging Service.
[[0;32m  OK  [0m] Started iSCSI initiator daemon (iscsid).
[[0;32m  OK  [0m] Started /etc/rc.local Compatibility.
[[0;32m  OK  [0m] Started OpenBSD Secure Shell server.
[[0;32m  OK  [0m] Started LXD - container startup/shutdown.
[[0;32m  OK  [0m] Started LSB: Record successful boot for GRUB.
[[0;32m  OK  [0m] Started Login Service.
[[0;32m  OK  [0m] Started Unattended Upgrades Shutdown.
         Starting Authenticate and Authorize Users to Run Privileged Tasks...
         Starting Login to default iSCSI targets...
[[0;32m  OK  [0m] Started LSB: MD monitoring daemon.
[[0;32m  OK  [0m] Started Authenticate and Authorize Users to Run Privileged Tasks.
[[0;32m  OK  [0m] Started Accounts Service.
[[0;32m  OK  [0m] Started Login to default iSCSI targets.
[[0;32m  OK  [0m] Reached target Remote File Systems (Pre).
[[0;32m  OK  [0m] Reached target Remote File Systems.
         Starting LSB: Set the CPU Frequency Scaling governor to "ondemand"...
         Starting LSB: automatic crash report generation...
         Starting Permit User Sessions...
         Starting LSB: daemon to balance interrupts for SMP systems...
[[0;32m  OK  [0m] Started Virtualbox guest utils.
[[0;32m  OK  [0m] Started Permit User Sessions.
         Starting Terminate Plymouth Boot Screen...
         Starting Hold until boot process finishes up...
[[0;32m  OK  [0m] Started LSB: Set the CPU Frequency Scaling governor to "ondemand".
[[0;32m  OK  [0m] Started LSB: automatic crash report generation.
[[0;32m  OK  [0m] Started Terminate Plymouth Boot Screen.
[[0;32m  OK  [0m] Started Hold until boot process finishes up.
[[0;32m  OK  [0m] Started Getty on tty1.
         Starting Set console scheme...
[[0;32m  OK  [0m] Started Serial Getty on ttyS0.
[[0;32m  OK  [0m] Reached target Login Prompts.
[[0;32m  OK  [0m] Started LSB: daemon to balance interrupts for SMP systems.
[[0;32m  OK  [0m] Started Set console scheme.
[[0;32m  OK  [0m] Created slice User Slice of vagrant.
         Starting User Manager for UID 1000...
[[0;32m  OK  [0m] Started Session 1 of user vagrant.
[[0;32m  OK  [0m] Started User Manager for UID 1000.
[[0;32m  OK  [0m] Started Snap Daemon.
         Starting Wait until snapd is fully seeded...
[[0;32m  OK  [0m] Started Wait until snapd is fully seeded.
         Starting Apply the settings specified in cloud-config...
[[0;32m  OK  [0m] Reached target Multi-User System.
[[0;32m  OK  [0m] Reached target Graphical Interface.
         Starting Update UTMP about System Runlevel Changes...
[[0;32m  OK  [0m] Started Update UTMP about System Runlevel Changes.
[   18.340112] cloud-init[1265]: Cloud-init v. 21.1-19-gbad84ad4-0ubuntu1~16.04.2 running 'modules:config' at Wed, 27 Oct 2021 14:20:59 +0000. Up 18.26 seconds.
[[0;32m  OK  [0m] Started Apply the settings specified in cloud-config.
         Starting Execute cloud user/final scripts...
[   18.764937] cloud-init[1297]: Cloud-init v. 21.1-19-gbad84ad4-0ubuntu1~16.04.2 running 'modules:final' at Wed, 27 Oct 2021 14:21:00 +0000. Up 18.66 seconds.
[   18.771341] cloud-init[1297]: Cloud-init v. 21.1-19-gbad84ad4-0ubuntu1~16.04.2 finished at Wed, 27 Oct 2021 14:21:00 +0000. Datasource DataSourceNoCloud [seed=/dev/sdb][dsmode=net].  Up 18.76 seconds
[[0;32m  OK  [0m] Started Execute cloud user/final scripts.
[[0;32m  OK  [0m] Reached target Cloud-init target.

Ubuntu 16.04.7 LTS ubuntu-xenial ttyS0

ubuntu-xenial login: 